This is pdfTeX, Version 3.141592653-2.6-1.40.24 (TeX Live 2022/Arch Linux) (preloaded format=pdflatex 2022.7.31)  11 AUG 2022 00:02
entering extended mode
 restricted \write18 enabled.
 file:line:error style messages enabled.
 %&-line parsing enabled.
**"/home/tapyu/git/courses/phd_ica/Exercises/TC3 - Methaeuristic/latex/main.tex"
(/home/tapyu/git/courses/phd_ica/Exercises/TC3 - Methaeuristic/latex/main.tex
LaTeX2e <2021-11-15> patch level 1
L3 programming layer <2022-04-10> (/usr/share/texmf-dist/tex/latex/base/article.cls
Document Class: article 2021/10/04 v1.4n Standard LaTeX document class
(/usr/share/texmf-dist/tex/latex/base/size12.clo
File: size12.clo 2021/10/04 v1.4n Standard LaTeX file (size option)
)
\c@part=\count185
\c@section=\count186
\c@subsection=\count187
\c@subsubsection=\count188
\c@paragraph=\count189
\c@subparagraph=\count190
\c@figure=\count191
\c@table=\count192
\abovecaptionskip=\skip47
\belowcaptionskip=\skip48
\bibindent=\dimen138
) (/usr/share/texmf-dist/tex/latex/xcolor/xcolor.sty
Package: xcolor 2021/10/31 v2.13 LaTeX color extensions (UK)
 (/usr/share/texmf-dist/tex/latex/graphics-cfg/color.cfg
File: color.cfg 2016/01/02 v1.6 sample color configuration
)
Package xcolor Info: Driver file: pdftex.def on input line 227.
 (/usr/share/texmf-dist/tex/latex/graphics-def/pdftex.def
File: pdftex.def 2020/10/05 v1.2a Graphics/color driver for pdftex
)
Package xcolor Info: Model `cmy' substituted by `cmy0' on input line 1352.
Package xcolor Info: Model `hsb' substituted by `rgb' on input line 1356.
Package xcolor Info: Model `RGB' extended on input line 1368.
Package xcolor Info: Model `HTML' substituted by `rgb' on input line 1370.
Package xcolor Info: Model `Hsb' substituted by `hsb' on input line 1371.
Package xcolor Info: Model `tHsb' substituted by `hsb' on input line 1372.
Package xcolor Info: Model `HSB' substituted by `hsb' on input line 1373.
Package xcolor Info: Model `Gray' substituted by `gray' on input line 1374.
Package xcolor Info: Model `wave' substituted by `hsb' on input line 1375.
) (/usr/share/texmf-dist/tex/latex/algorithm2e/algorithm2e.sty
Package: algorithm2e 2017/07/18 v5.2 algorithms environments
\c@AlgoLine=\count193
 (/usr/share/texmf-dist/tex/latex/base/ifthen.sty
Package: ifthen 2020/11/24 v1.1c Standard LaTeX ifthen package (DPC)
)
\algocf@hangindent=\skip49
 (/usr/share/texmf-dist/tex/latex/ifoddpage/ifoddpage.sty
Package: ifoddpage 2016/04/23 v1.1 Conditionals for odd/even page detection
\c@checkoddpage=\count194
) (/usr/share/texmf-dist/tex/latex/tools/xspace.sty
Package: xspace 2014/10/28 v1.13 Space after command names (DPC,MH)
) (/usr/share/texmf-dist/tex/latex/relsize/relsize.sty
Package: relsize 2013/03/29 ver 4.1
)
\skiptotal=\skip50
\skiplinenumber=\skip51
\skiprule=\skip52
\skiphlne=\skip53
\skiptext=\skip54
\skiplength=\skip55
\algomargin=\skip56
\skipalgocfslide=\skip57
\algowidth=\dimen139
\inoutsize=\dimen140
\inoutindent=\dimen141
\interspacetitleruled=\dimen142
\interspacealgoruled=\dimen143
\interspacetitleboxruled=\dimen144
\algocf@ruledwidth=\skip58
\algocf@inoutbox=\box50
\algocf@inputbox=\box51
\AlCapSkip=\skip59
\AlCapHSkip=\skip60
\algoskipindent=\skip61
\algocf@nlbox=\box52
\algocf@hangingbox=\box53
\algocf@untilbox=\box54
\algocf@skipuntil=\skip62
\algocf@capbox=\box55
\algocf@lcaptionbox=\skip63
\algoheightruledefault=\skip64
\algoheightrule=\skip65
\algotitleheightruledefault=\skip66
\algotitleheightrule=\skip67
\c@algocfline=\count195
\c@algocfproc=\count196
\c@algocf=\count197
\algocf@algoframe=\box56
\algocf@algobox=\box57
) (/usr/share/texmf-dist/tex/latex/caption/caption.sty
Package: caption 2022/03/01 v3.6b Customizing captions (AR)
 (/usr/share/texmf-dist/tex/latex/caption/caption3.sty
Package: caption3 2022/03/17 v2.3b caption3 kernel (AR)
 (/usr/share/texmf-dist/tex/latex/graphics/keyval.sty
Package: keyval 2014/10/28 v1.15 key=value parser (DPC)
\KV@toks@=\toks16
)
\caption@tempdima=\dimen145
\captionmargin=\dimen146
\caption@leftmargin=\dimen147
\caption@rightmargin=\dimen148
\caption@width=\dimen149
\caption@indent=\dimen150
\caption@parindent=\dimen151
\caption@hangindent=\dimen152
Package caption Info: Standard document class detected.
)
\c@caption@flags=\count198
\c@continuedfloat=\count199
) (/usr/share/texmf-dist/tex/latex/float/float.sty
Package: float 2001/11/08 v1.3d Float enhancements (AL)
\c@float@type=\count266
\float@exts=\toks17
\float@box=\box58
\@float@everytoks=\toks18
\@floatcapt=\box59
) (/usr/share/texmf-dist/tex/latex/caption/subcaption.sty
Package: subcaption 2022/01/07 v1.5 Sub-captions (AR)
\c@subfigure=\count267
\c@subtable=\count268
) (/usr/share/texmf-dist/tex/latex/amsfonts/amsfonts.sty
Package: amsfonts 2013/01/14 v3.01 Basic AMSFonts support
\@emptytoks=\toks19
\symAMSa=\mathgroup4
\symAMSb=\mathgroup5
LaTeX Font Info:    Redeclaring math symbol \hbar on input line 98.
LaTeX Font Info:    Overwriting math alphabet `\mathfrak' in version `bold'
(Font)                  U/euf/m/n --> U/euf/b/n on input line 106.
) (/usr/share/texmf-dist/tex/latex/amsmath/amsmath.sty
Package: amsmath 2021/10/15 v2.17l AMS math features
\@mathmargin=\skip68

For additional information on amsmath, use the `?' option.
(/usr/share/texmf-dist/tex/latex/amsmath/amstext.sty
Package: amstext 2021/08/26 v2.01 AMS text
 (/usr/share/texmf-dist/tex/latex/amsmath/amsgen.sty
File: amsgen.sty 1999/11/30 v2.0 generic functions
\@emptytoks=\toks20
\ex@=\dimen153
)) (/usr/share/texmf-dist/tex/latex/amsmath/amsbsy.sty
Package: amsbsy 1999/11/29 v1.2d Bold Symbols
\pmbraise@=\dimen154
) (/usr/share/texmf-dist/tex/latex/amsmath/amsopn.sty
Package: amsopn 2021/08/26 v2.02 operator names
)
\inf@bad=\count269
LaTeX Info: Redefining \frac on input line 234.
\uproot@=\count270
\leftroot@=\count271
LaTeX Info: Redefining \overline on input line 399.
\classnum@=\count272
\DOTSCASE@=\count273
LaTeX Info: Redefining \ldots on input line 496.
LaTeX Info: Redefining \dots on input line 499.
LaTeX Info: Redefining \cdots on input line 620.
\Mathstrutbox@=\box60
\strutbox@=\box61
\big@size=\dimen155
LaTeX Font Info:    Redeclaring font encoding OML on input line 743.
LaTeX Font Info:    Redeclaring font encoding OMS on input line 744.
\macc@depth=\count274
\c@MaxMatrixCols=\count275
\dotsspace@=\muskip16
\c@parentequation=\count276
\dspbrk@lvl=\count277
\tag@help=\toks21
\row@=\count278
\column@=\count279
\maxfields@=\count280
\andhelp@=\toks22
\eqnshift@=\dimen156
\alignsep@=\dimen157
\tagshift@=\dimen158
\tagwidth@=\dimen159
\totwidth@=\dimen160
\lineht@=\dimen161
\@envbody=\toks23
\multlinegap=\skip69
\multlinetaggap=\skip70
\mathdisplay@stack=\toks24
LaTeX Info: Redefining \[ on input line 2938.
LaTeX Info: Redefining \] on input line 2939.
) (/usr/share/texmf-dist/tex/latex/amsfonts/amssymb.sty
Package: amssymb 2013/01/14 v3.01 AMS font symbols
) (/usr/share/texmf-dist/tex/latex/graphics/graphicx.sty
Package: graphicx 2021/09/16 v1.2d Enhanced LaTeX Graphics (DPC,SPQR)
 (/usr/share/texmf-dist/tex/latex/graphics/graphics.sty
Package: graphics 2021/03/04 v1.4d Standard LaTeX Graphics (DPC,SPQR)
 (/usr/share/texmf-dist/tex/latex/graphics/trig.sty
Package: trig 2021/08/11 v1.11 sin cos tan (DPC)
) (/usr/share/texmf-dist/tex/latex/graphics-cfg/graphics.cfg
File: graphics.cfg 2016/06/04 v1.11 sample graphics configuration
)
Package graphics Info: Driver file: pdftex.def on input line 107.
)
\Gin@req@height=\dimen162
\Gin@req@width=\dimen163
) (/usr/share/texmf-dist/tex/latex/base/inputenc.sty
Package: inputenc 2021/02/14 v1.3d Input encoding file
\inpenc@prehook=\toks25
\inpenc@posthook=\toks26
) (/usr/share/texmf-dist/tex/latex/setspace/setspace.sty
Package: setspace 2011/12/19 v6.7a set line spacing
) (./cabecalho.sty) (/usr/share/texmf-dist/tex/latex/multirow/multirow.sty
Package: multirow 2021/03/15 v2.8 Span multiple rows of a table
\multirow@colwidth=\skip71
\multirow@cntb=\count281
\multirow@dima=\skip72
\bigstrutjot=\dimen164
) (/usr/share/texmf-dist/tex/latex/geometry/geometry.sty
Package: geometry 2020/01/02 v5.9 Page Geometry
 (/usr/share/texmf-dist/tex/generic/iftex/ifvtex.sty
Package: ifvtex 2019/10/25 v1.7 ifvtex legacy package. Use iftex instead.
 (/usr/share/texmf-dist/tex/generic/iftex/iftex.sty
Package: iftex 2022/02/03 v1.0f TeX engine tests
))
\Gm@cnth=\count282
\Gm@cntv=\count283
\c@Gm@tempcnt=\count284
\Gm@bindingoffset=\dimen165
\Gm@wd@mp=\dimen166
\Gm@odd@mp=\dimen167
\Gm@even@mp=\dimen168
\Gm@layoutwidth=\dimen169
\Gm@layoutheight=\dimen170
\Gm@layouthoffset=\dimen171
\Gm@layoutvoffset=\dimen172
\Gm@dimlist=\toks27
) (/usr/share/texmf-dist/tex/latex/tools/indentfirst.sty
Package: indentfirst 1995/11/23 v1.03 Indent first paragraph (DPC)
) (/usr/share/texmf-dist/tex/latex/ieeetran/IEEEtrantools.sty
Package: IEEEtrantools 2015/08/26 V1.5 by Michael Shell

-- See the "IEEEtrantools_doc.txt" manual for usage information.
-- http://www.michaelshell.org/tex/ieeetran/tools/
\@IEEEtrantmpdimenA=\dimen173
\@IEEEtrantmpdimenB=\dimen174
\@IEEEtrantmpdimenC=\dimen175
\@IEEEtrantmpcountA=\count285
\@IEEEtrantmpcountB=\count286
\@IEEEtrantmpcountC=\count287
\@IEEEtrantmptoksA=\toks28
\IEEEnormaljot=\dimen176
\IEEEquantizedlength=\dimen177
\IEEEquantizedlengthdiff=\dimen178
\IEEEquantizedtextheightdiff=\dimen179
\IEEEilabelindentA=\dimen180
\IEEEilabelindentB=\dimen181
\IEEEilabelindent=\dimen182
\IEEEelabelindent=\dimen183
\IEEEdlabelindent=\dimen184
\IEEElabelindent=\dimen185
\IEEEiednormlabelsep=\dimen186
\IEEEiedmathlabelsep=\dimen187
\IEEEiedtopsep=\skip73
\c@IEEEsubequation=\count288
\@IEEEeqnnumcols=\count289
\@IEEEeqncolcnt=\count290
\@IEEEsubeqnnumrollback=\count291
\IEEEPARstartletwidth=\dimen188
) (/usr/share/texmf-dist/tex/latex/l3backend/l3backend-pdftex.def
File: l3backend-pdftex.def 2022-04-14 L3 backend support: PDF output (pdfTeX)
\l__color_backend_stack_int=\count292
\l__pdf_internal_box=\box62
) (./main.aux)
\openout1 = `main.aux'.

LaTeX Font Info:    Checking defaults for OML/cmm/m/it on input line 52.
LaTeX Font Info:    ... okay on input line 52.
LaTeX Font Info:    Checking defaults for OMS/cmsy/m/n on input line 52.
LaTeX Font Info:    ... okay on input line 52.
LaTeX Font Info:    Checking defaults for OT1/cmr/m/n on input line 52.
LaTeX Font Info:    ... okay on input line 52.
LaTeX Font Info:    Checking defaults for T1/cmr/m/n on input line 52.
LaTeX Font Info:    ... okay on input line 52.
LaTeX Font Info:    Checking defaults for TS1/cmr/m/n on input line 52.
LaTeX Font Info:    ... okay on input line 52.
LaTeX Font Info:    Checking defaults for OMX/cmex/m/n on input line 52.
LaTeX Font Info:    ... okay on input line 52.
LaTeX Font Info:    Checking defaults for U/cmr/m/n on input line 52.
LaTeX Font Info:    ... okay on input line 52.
 (/usr/share/texmf-dist/tex/context/base/mkii/supp-pdf.mkii
[Loading MPS to PDF converter (version 2006.09.02).]
\scratchcounter=\count293
\scratchdimen=\dimen189
\scratchbox=\box63
\nofMPsegments=\count294
\nofMParguments=\count295
\everyMPshowfont=\toks29
\MPscratchCnt=\count296
\MPscratchDim=\dimen190
\MPnumerator=\count297
\makeMPintoPDFobject=\count298
\everyMPtoPDFconversion=\toks30
) (/usr/share/texmf-dist/tex/latex/epstopdf-pkg/epstopdf-base.sty
Package: epstopdf-base 2020-01-24 v2.11 Base part for package epstopdf
Package epstopdf-base Info: Redefining graphics rule for `.eps' on input line 485.
 (/usr/share/texmf-dist/tex/latex/latexconfig/epstopdf-sys.cfg
File: epstopdf-sys.cfg 2010/07/13 v1.3 Configuration of (r)epstopdf for TeX Live
))
Package caption Info: Begin \AtBeginDocument code.
Package caption Info: float package is loaded.
Package caption Info: End \AtBeginDocument code.

*geometry* driver: auto-detecting
*geometry* detected driver: pdftex
*geometry* verbose mode - [ preamble ] result:
* driver: pdftex
* paper: a4paper
* layout: <same size as paper>
* layoutoffset:(h,v)=(0.0pt,0.0pt)
* modes: 
* h-part:(L,W,R)=(85.35826pt, 455.24411pt, 56.9055pt)
* v-part:(T,H,B)=(85.35826pt, 702.78308pt, 56.9055pt)
* \paperwidth=597.50787pt
* \paperheight=845.04684pt
* \textwidth=455.24411pt
* \textheight=702.78308pt
* \oddsidemargin=13.08827pt
* \evensidemargin=13.08827pt
* \topmargin=-23.91173pt
* \headheight=12.0pt
* \headsep=25.0pt
* \topskip=12.0pt
* \footskip=30.0pt
* \marginparwidth=35.0pt
* \marginparsep=10.0pt
* \columnsep=10.0pt
* \skip\footins=10.8pt plus 4.0pt minus 2.0pt
* \hoffset=0.0pt
* \voffset=0.0pt
* \mag=1000
* \@twocolumnfalse
* \@twosidefalse
* \@mparswitchfalse
* \@reversemarginfalse
* (1in=72.27pt=25.4mm, 1cm=28.453pt)

LaTeX Font Info:    Trying to load font information for U+msa on input line 53.
(/usr/share/texmf-dist/tex/latex/amsfonts/umsa.fd
File: umsa.fd 2013/01/14 v3.01 AMS symbols A
)
LaTeX Font Info:    Trying to load font information for U+msb on input line 53.
 (/usr/share/texmf-dist/tex/latex/amsfonts/umsb.fd
File: umsb.fd 2013/01/14 v3.01 AMS symbols B
)
<figs/logo_cabecalho.png, id=1, 235.1184pt x 302.5704pt>
File: figs/logo_cabecalho.png Graphic file (type png)
<use figs/logo_cabecalho.png>
Package pdftex.def Info: figs/logo_cabecalho.png  used on input line 53.
(pdftex.def)             Requested size: 50.18768pt x 64.58505pt.
 [1

{/var/lib/texmf/fonts/map/pdftex/updmap/pdftex.map} <./figs/logo_cabecalho.png>]
<../../TC1 - Sistemas Fuzzy para Regressão Não Linear/figs/OLS-by-parts/scatterplot.png, id=21, 602.25pt x 401.5pt>
File: ../../TC1 - Sistemas Fuzzy para Regressão Não Linear/figs/OLS-by-parts/scatterplot.png Graphic file (type png)
<use ../../TC1 - Sistemas Fuzzy para Regressão Não Linear/figs/OLS-by-parts/scatterplot.png>
Package pdftex.def Info: ../../TC1 - Sistemas Fuzzy para Regressão Não Linear/figs/OLS-by-parts/scatterplot.png  used on input line 95.
(pdftex.def)             Requested size: 210.79065pt x 140.5271pt.
 [2 <../../TC1 - Sistemas Fuzzy para Regressão Não Linear/figs/OLS-by-parts/scatterplot.png>]
<../figs/methaeuristic_regression_result1.png, id=27, 602.25pt x 401.5pt>
File: ../figs/methaeuristic_regression_result1.png Graphic file (type png)
<use ../figs/methaeuristic_regression_result1.png>
Package pdftex.def Info: ../figs/methaeuristic_regression_result1.png  used on input line 169.
(pdftex.def)             Requested size: 273.14923pt x 182.1069pt.
<../figs/methaeuristic_regression_result2.png, id=28, 602.25pt x 401.5pt>
File: ../figs/methaeuristic_regression_result2.png Graphic file (type png)
<use ../figs/methaeuristic_regression_result2.png>
Package pdftex.def Info: ../figs/methaeuristic_regression_result2.png  used on input line 177.
(pdftex.def)             Requested size: 273.14923pt x 182.1069pt.
 [3]
<../figs/methaeuristic_regression_result3.png, id=33, 602.25pt x 401.5pt>
File: ../figs/methaeuristic_regression_result3.png Graphic file (type png)
<use ../figs/methaeuristic_regression_result3.png>
Package pdftex.def Info: ../figs/methaeuristic_regression_result3.png  used on input line 185.
(pdftex.def)             Requested size: 273.14923pt x 182.1069pt.
 [4 <../figs/methaeuristic_regression_result1.png> <../figs/methaeuristic_regression_result2.png> <../figs/methaeuristic_regression_result3.png>]
<../figs/grs_regression_result1.png, id=37, 602.25pt x 401.5pt>
File: ../figs/grs_regression_result1.png Graphic file (type png)
<use ../figs/grs_regression_result1.png>
Package pdftex.def Info: ../figs/grs_regression_result1.png  used on input line 210.
(pdftex.def)             Requested size: 273.14923pt x 182.1069pt.
<../figs/grs_regression_result2.png, id=38, 602.25pt x 401.5pt>
File: ../figs/grs_regression_result2.png Graphic file (type png)
<use ../figs/grs_regression_result2.png>
Package pdftex.def Info: ../figs/grs_regression_result2.png  used on input line 218.
(pdftex.def)             Requested size: 273.14923pt x 182.1069pt.
<../figs/grs_regression_result3.png, id=39, 602.25pt x 401.5pt>
File: ../figs/grs_regression_result3.png Graphic file (type png)
<use ../figs/grs_regression_result3.png>
Package pdftex.def Info: ../figs/grs_regression_result3.png  used on input line 226.
(pdftex.def)             Requested size: 273.14923pt x 182.1069pt.
 [5 <../figs/grs_regression_result1.png>]
<../figs/methaeuristic_regression_result1F.png, id=44, 602.25pt x 401.5pt>
File: ../figs/methaeuristic_regression_result1F.png Graphic file (type png)
<use ../figs/methaeuristic_regression_result1F.png>
Package pdftex.def Info: ../figs/methaeuristic_regression_result1F.png  used on input line 247.
(pdftex.def)             Requested size: 273.14923pt x 182.1069pt.
<../figs/methaeuristic_regression_result2F.png, id=45, 602.25pt x 401.5pt>
File: ../figs/methaeuristic_regression_result2F.png Graphic file (type png)
<use ../figs/methaeuristic_regression_result2F.png>
Package pdftex.def Info: ../figs/methaeuristic_regression_result2F.png  used on input line 255.
(pdftex.def)             Requested size: 273.14923pt x 182.1069pt.
 [6 <../figs/grs_regression_result2.png> <../figs/grs_regression_result3.png>]
<../figs/methaeuristic_regression_result3F.png, id=49, 602.25pt x 401.5pt>
File: ../figs/methaeuristic_regression_result3F.png Graphic file (type png)
<use ../figs/methaeuristic_regression_result3F.png>
Package pdftex.def Info: ../figs/methaeuristic_regression_result3F.png  used on input line 263.
(pdftex.def)             Requested size: 273.14923pt x 182.1069pt.
 (./main.bbl [7 <../figs/methaeuristic_regression_result1F.png> <../figs/methaeuristic_regression_result2F.png> <../figs/methaeuristic_regression_result3F.png>]) [8] (./main.aux) ) 
Here is how much of TeX's memory you used:
 6904 strings out of 478238
 116005 string characters out of 5850456
 423679 words of memory out of 5000000
 25047 multiletter control sequences out of 15000+600000
 480860 words of font info for 71 fonts, out of 8000000 for 9000
 1141 hyphenation exceptions out of 8191
 55i,18n,63p,813b,516s stack positions out of 5000i,500n,10000p,200000b,80000s
{/usr/share/texmf-dist/fonts/enc/dvips/cm-super/cm-super-ts1.enc}</usr/share/texmf-dist/fonts/type1/public/amsfonts/cm/cmbx12.pfb></usr/share/texmf-dist/fonts/type1/public/amsfonts/cm/cmbx8.pfb></usr/share/texmf-dist/fonts/type1/public/amsfonts/cm/cmex10.pfb></usr/share/texmf-dist/fonts/type1/public/amsfonts/cm/cmmi10.pfb></usr/share/texmf-dist/fonts/type1/public/amsfonts/cm/cmmi12.pfb></usr/share/texmf-dist/fonts/type1/public/amsfonts/cm/cmmi8.pfb></usr/share/texmf-dist/fonts/type1/public/amsfonts/cm/cmr10.pfb></usr/share/texmf-dist/fonts/type1/public/amsfonts/cm/cmr12.pfb></usr/share/texmf-dist/fonts/type1/public/amsfonts/cm/cmr17.pfb></usr/share/texmf-dist/fonts/type1/public/amsfonts/cm/cmr7.pfb></usr/share/texmf-dist/fonts/type1/public/amsfonts/cm/cmr8.pfb></usr/share/texmf-dist/fonts/type1/public/amsfonts/cm/cmss8.pfb></usr/share/texmf-dist/fonts/type1/public/amsfonts/cm/cmsy10.pfb></usr/share/texmf-dist/fonts/type1/public/amsfonts/cm/cmsy8.pfb></usr/share/texmf-dist/fonts/type1/public/amsfonts/cm/cmti12.pfb></usr/share/texmf-dist/fonts/type1/public/amsfonts/symbols/msbm10.pfb></usr/share/texmf-dist/fonts/type1/public/cm-super/sfrm1200.pfb>
Output written on main.pdf (8 pages, 799812 bytes).
PDF statistics:
 130 PDF objects out of 1000 (max. 8388607)
 73 compressed objects within 1 object stream
 0 named destinations out of 1000 (max. 500000)
 56 words of extra memory for PDF output out of 10000 (max. 10000000)

