Flow report for pratica2
Fri Mar 09 04:58:44 2018
Quartus II 64-Bit Version 13.1.0 Build 162 10/23/2013 SJ Web Edition


---------------------
; Table of Contents ;
---------------------
  1. Legal Notice
  2. Flow Summary
  3. Flow Settings
  4. Flow Non-Default Global Settings
  5. Flow Elapsed Time
  6. Flow OS Summary
  7. Flow Log
  8. Flow Messages
  9. Flow Suppressed Messages



----------------
; Legal Notice ;
----------------
Copyright (C) 1991-2013 Altera Corporation
Your use of Altera Corporation's design tools, logic functions 
and other software and tools, and its AMPP partner logic 
functions, and any output files from any of the foregoing 
(including device programming or simulation files), and any 
associated documentation or information are expressly subject 
to the terms and conditions of the Altera Program License 
Subscription Agreement, Altera MegaCore Function License 
Agreement, or other applicable license agreement, including, 
without limitation, that your use is for the sole purpose of 
programming logic devices manufactured by Altera and sold by 
Altera or its authorized distributors.  Please refer to the 
applicable agreement for further details.



+---------------------------------------------------------------------------------+
; Flow Summary                                                                    ;
+------------------------------------+--------------------------------------------+
; Flow Status                        ; Successful - Fri Mar 09 04:58:44 2018      ;
; Quartus II 64-Bit Version          ; 13.1.0 Build 162 10/23/2013 SJ Web Edition ;
; Revision Name                      ; pratica2                                   ;
; Top-level Entity Name              ; multiplexador2x1_4bits                     ;
; Family                             ; Cyclone III                                ;
; Device                             ; EP3C16F484C6                               ;
; Timing Models                      ; Final                                      ;
; Total logic elements               ; 4                                          ;
;     Total combinational functions  ; 4                                          ;
;     Dedicated logic registers      ; 0                                          ;
; Total registers                    ; 0                                          ;
; Total pins                         ; 13                                         ;
; Total virtual pins                 ; 0                                          ;
; Total memory bits                  ; 0                                          ;
; Embedded Multiplier 9-bit elements ; 0                                          ;
; Total PLLs                         ; 0                                          ;
+------------------------------------+--------------------------------------------+


+-----------------------------------------+
; Flow Settings                           ;
+-------------------+---------------------+
; Option            ; Setting             ;
+-------------------+---------------------+
; Start date & time ; 03/09/2018 03:52:59 ;
; Main task         ; Compilation         ;
; Revision Name     ; pratica2            ;
+-------------------+---------------------+


+---------------------------------------------------------------------------------------------------------------------------------------+
; Flow Non-Default Global Settings                                                                                                      ;
+-------------------------------------+---------------------------------------+---------------+------------------------+----------------+
; Assignment Name                     ; Value                                 ; Default Value ; Entity Name            ; Section Id     ;
+-------------------------------------+---------------------------------------+---------------+------------------------+----------------+
; COMPILER_SIGNATURE_ID               ; 229521380802697.152057837809596       ; --            ; --                     ; --             ;
; EDA_OUTPUT_DATA_FORMAT              ; Vhdl                                  ; --            ; --                     ; eda_simulation ;
; EDA_SIMULATION_TOOL                 ; ModelSim-Altera (VHDL)                ; <None>        ; --                     ; --             ;
; MAX_CORE_JUNCTION_TEMP              ; 85                                    ; --            ; --                     ; --             ;
; MIN_CORE_JUNCTION_TEMP              ; 0                                     ; --            ; --                     ; --             ;
; NOMINAL_CORE_SUPPLY_VOLTAGE         ; 1.2V                                  ; --            ; --                     ; --             ;
; PARTITION_COLOR                     ; 16764057                              ; --            ; multiplexador2x1_4bits ; Top            ;
; PARTITION_FITTER_PRESERVATION_LEVEL ; PLACEMENT_AND_ROUTING                 ; --            ; multiplexador2x1_4bits ; Top            ;
; PARTITION_NETLIST_TYPE              ; SOURCE                                ; --            ; multiplexador2x1_4bits ; Top            ;
; POWER_BOARD_THERMAL_MODEL           ; None (CONSERVATIVE)                   ; --            ; --                     ; --             ;
; POWER_PRESET_COOLING_SOLUTION       ; 23 MM HEAT SINK WITH 200 LFPM AIRFLOW ; --            ; --                     ; --             ;
; PROJECT_OUTPUT_DIRECTORY            ; output_files                          ; --            ; --                     ; --             ;
; TOP_LEVEL_ENTITY                    ; multiplexador2x1_4bits                ; pratica2      ; --                     ; --             ;
+-------------------------------------+---------------------------------------+---------------+------------------------+----------------+


+--------------------------------------------------------------------------------------------------------------------------+
; Flow Elapsed Time                                                                                                        ;
+----------------------+--------------+-------------------------+---------------------+------------------------------------+
; Module Name          ; Elapsed Time ; Average Processors Used ; Peak Virtual Memory ; Total CPU Time (on all processors) ;
+----------------------+--------------+-------------------------+---------------------+------------------------------------+
; Analysis & Synthesis ; 00:00:08     ; 1.0                     ; 576 MB              ; 00:00:03                           ;
; EDA Netlist Writer   ; 00:00:03     ; 1.0                     ; 462 MB              ; 00:00:01                           ;
; EDA Netlist Writer   ; 00:00:01     ; 1.0                     ; 462 MB              ; 00:00:01                           ;
; EDA Netlist Writer   ; 00:00:01     ; 1.0                     ; 462 MB              ; 00:00:01                           ;
; EDA Netlist Writer   ; 00:00:02     ; 1.0                     ; 462 MB              ; 00:00:01                           ;
; EDA Netlist Writer   ; 00:00:00     ; 1.0                     ; 462 MB              ; 00:00:01                           ;
; EDA Netlist Writer   ; 00:00:01     ; 1.0                     ; 462 MB              ; 00:00:01                           ;
; Total                ; 00:00:16     ; --                      ; --                  ; 00:00:09                           ;
+----------------------+--------------+-------------------------+---------------------+------------------------------------+


+-----------------------------------------------------------------------------------+
; Flow OS Summary                                                                   ;
+----------------------+------------------+-----------+------------+----------------+
; Module Name          ; Machine Hostname ; OS Name   ; OS Version ; Processor type ;
+----------------------+------------------+-----------+------------+----------------+
; Analysis & Synthesis ; DESKTOP-KV84U1F  ; Windows 7 ; 6.2        ; x86_64         ;
; EDA Netlist Writer   ; DESKTOP-KV84U1F  ; Windows 7 ; 6.2        ; x86_64         ;
; EDA Netlist Writer   ; DESKTOP-KV84U1F  ; Windows 7 ; 6.2        ; x86_64         ;
; EDA Netlist Writer   ; DESKTOP-KV84U1F  ; Windows 7 ; 6.2        ; x86_64         ;
; EDA Netlist Writer   ; DESKTOP-KV84U1F  ; Windows 7 ; 6.2        ; x86_64         ;
; EDA Netlist Writer   ; DESKTOP-KV84U1F  ; Windows 7 ; 6.2        ; x86_64         ;
; EDA Netlist Writer   ; DESKTOP-KV84U1F  ; Windows 7 ; 6.2        ; x86_64         ;
+----------------------+------------------+-----------+------------+----------------+


------------
; Flow Log ;
------------
quartus_map --read_settings_files=on --write_settings_files=off pratica2 -c pratica2
quartus_eda --gen_testbench --check_outputs=on --tool=modelsim_oem --format=verilog pratica2 -c pratica2 --vector_source=C:/altera/Projetos/pratica2/Waveform.vwf --testbench_file=C:/altera/Projetos/pratica2/simulation/qsim/Waveform.vwf.vt
quartus_eda --functional=off --flatten_buses=off --timescale=1ps --simulation=on --tool=modelsim_oem --format=verilog --output_directory=C:/altera/Projetos/pratica2/simulation/qsim/ pratica2 -c pratica2
quartus_eda --gen_testbench --check_outputs=on --tool=modelsim_oem --format=verilog pratica2 -c pratica2 --vector_source=C:/altera/Projetos/pratica2/Waveform.vwf --testbench_file=C:/altera/Projetos/pratica2/simulation/qsim/Waveform.vwf.vt
quartus_eda --functional=on --flatten_buses=off --simulation=on --tool=modelsim_oem --format=verilog --output_directory=C:/altera/Projetos/pratica2/simulation/qsim/ pratica2 -c pratica2
quartus_eda --gen_testbench --check_outputs=on --tool=modelsim_oem --format=verilog pratica2 -c pratica2 --vector_source=C:/altera/Projetos/pratica2/Waveform.vwf --testbench_file=C:/altera/Projetos/pratica2/simulation/qsim/Waveform.vwf.vt
quartus_eda --functional=on --flatten_buses=off --simulation=on --tool=modelsim_oem --format=verilog --output_directory=C:/altera/Projetos/pratica2/simulation/qsim/ pratica2 -c pratica2



