This is pdfTeX, Version 3.14159265-2.6-1.40.20 (TeX Live 2019/Debian) (preloaded format=pdflatex 2021.8.3)  13 DEC 2021 19:27
entering extended mode
 restricted \write18 enabled.
 file:line:error style messages enabled.
 %&-line parsing enabled.
**"/home/tapyu/google_drive/Master degree/Disciplines/Deteccção e Estimação/Exercícios/Lista6/lista6.tex"
(/home/tapyu/google_drive/Master degree/Disciplines/Deteccção e Estimação/Exercícios/Lista6/lista6.tex
LaTeX2e <2020-02-02> patch level 2
L3 programming layer <2020-02-14> (/usr/share/texlive/texmf-dist/tex/latex/base/article.cls
Document Class: article 2019/12/20 v1.4l Standard LaTeX document class
(/usr/share/texlive/texmf-dist/tex/latex/base/size12.clo
File: size12.clo 2019/12/20 v1.4l Standard LaTeX file (size option)
)
\c@part=\count167
\c@section=\count168
\c@subsection=\count169
\c@subsubsection=\count170
\c@paragraph=\count171
\c@subparagraph=\count172
\c@figure=\count173
\c@table=\count174
\abovecaptionskip=\skip47
\belowcaptionskip=\skip48
\bibindent=\dimen134
) (/usr/share/texlive/texmf-dist/tex/latex/amsmath/amsmath.sty
Package: amsmath 2020/01/20 v2.17e AMS math features
\@mathmargin=\skip49

For additional information on amsmath, use the `?' option.
(/usr/share/texlive/texmf-dist/tex/latex/amsmath/amstext.sty
Package: amstext 2000/06/29 v2.01 AMS text
 (/usr/share/texlive/texmf-dist/tex/latex/amsmath/amsgen.sty
File: amsgen.sty 1999/11/30 v2.0 generic functions
\@emptytoks=\toks14
\ex@=\dimen135
)) (/usr/share/texlive/texmf-dist/tex/latex/amsmath/amsbsy.sty
Package: amsbsy 1999/11/29 v1.2d Bold Symbols
\pmbraise@=\dimen136
) (/usr/share/texlive/texmf-dist/tex/latex/amsmath/amsopn.sty
Package: amsopn 2016/03/08 v2.02 operator names
)
\inf@bad=\count175
LaTeX Info: Redefining \frac on input line 227.
\uproot@=\count176
\leftroot@=\count177
LaTeX Info: Redefining \overline on input line 389.
\classnum@=\count178
\DOTSCASE@=\count179
LaTeX Info: Redefining \ldots on input line 486.
LaTeX Info: Redefining \dots on input line 489.
LaTeX Info: Redefining \cdots on input line 610.
\Mathstrutbox@=\box45
\strutbox@=\box46
\big@size=\dimen137
LaTeX Font Info:    Redeclaring font encoding OML on input line 733.
LaTeX Font Info:    Redeclaring font encoding OMS on input line 734.
\macc@depth=\count180
\c@MaxMatrixCols=\count181
\dotsspace@=\muskip16
\c@parentequation=\count182
\dspbrk@lvl=\count183
\tag@help=\toks15
\row@=\count184
\column@=\count185
\maxfields@=\count186
\andhelp@=\toks16
\eqnshift@=\dimen138
\alignsep@=\dimen139
\tagshift@=\dimen140
\tagwidth@=\dimen141
\totwidth@=\dimen142
\lineht@=\dimen143
\@envbody=\toks17
\multlinegap=\skip50
\multlinetaggap=\skip51
\mathdisplay@stack=\toks18
LaTeX Info: Redefining \[ on input line 2859.
LaTeX Info: Redefining \] on input line 2860.
) (/usr/share/texlive/texmf-dist/tex/latex/amsfonts/amsfonts.sty
Package: amsfonts 2013/01/14 v3.01 Basic AMSFonts support
\symAMSa=\mathgroup4
\symAMSb=\mathgroup5
LaTeX Font Info:    Redeclaring math symbol \hbar on input line 98.
LaTeX Font Info:    Overwriting math alphabet `\mathfrak' in version `bold'
(Font)                  U/euf/m/n --> U/euf/b/n on input line 106.
) (/usr/share/texlive/texmf-dist/tex/latex/amsfonts/amssymb.sty
Package: amssymb 2013/01/14 v3.01 AMS font symbols
) (/usr/share/texlive/texmf-dist/tex/latex/graphics/graphicx.sty
Package: graphicx 2019/11/30 v1.2a Enhanced LaTeX Graphics (DPC,SPQR)
 (/usr/share/texlive/texmf-dist/tex/latex/graphics/keyval.sty
Package: keyval 2014/10/28 v1.15 key=value parser (DPC)
\KV@toks@=\toks19
) (/usr/share/texlive/texmf-dist/tex/latex/graphics/graphics.sty
Package: graphics 2019/11/30 v1.4a Standard LaTeX Graphics (DPC,SPQR)
 (/usr/share/texlive/texmf-dist/tex/latex/graphics/trig.sty
Package: trig 2016/01/03 v1.10 sin cos tan (DPC)
) (/usr/share/texlive/texmf-dist/tex/latex/graphics-cfg/graphics.cfg
File: graphics.cfg 2016/06/04 v1.11 sample graphics configuration
)
Package graphics Info: Driver file: pdftex.def on input line 105.
 (/usr/share/texlive/texmf-dist/tex/latex/graphics-def/pdftex.def
File: pdftex.def 2018/01/08 v1.0l Graphics/color driver for pdftex
))
\Gin@req@height=\dimen144
\Gin@req@width=\dimen145
) (/usr/share/texlive/texmf-dist/tex/latex/base/inputenc.sty
Package: inputenc 2018/08/11 v1.3c Input encoding file
\inpenc@prehook=\toks20
\inpenc@posthook=\toks21
) (/usr/share/texlive/texmf-dist/tex/latex/setspace/setspace.sty
Package: setspace 2011/12/19 v6.7a set line spacing
) (/home/tapyu/google_drive/Master degree/Disciplines/Deteccção e Estimação/Exercícios/Lista6/cabecalho.sty) (/usr/share/texlive/texmf-dist/tex/latex/multirow/multirow.sty
Package: multirow 2019/05/31 v2.5 Span multiple rows of a table
\multirow@colwidth=\skip52
\multirow@cntb=\count187
\multirow@dima=\skip53
\bigstrutjot=\dimen146
) (/usr/share/texlive/texmf-dist/tex/latex/geometry/geometry.sty
Package: geometry 2020/01/02 v5.9 Page Geometry
 (/usr/share/texlive/texmf-dist/tex/generic/iftex/ifvtex.sty
Package: ifvtex 2019/10/25 v1.7 ifvtex legacy package. Use iftex instead.
 (/usr/share/texlive/texmf-dist/tex/generic/iftex/iftex.sty
Package: iftex 2019/11/07 v1.0c TeX engine tests
))
\Gm@cnth=\count188
\Gm@cntv=\count189
\c@Gm@tempcnt=\count190
\Gm@bindingoffset=\dimen147
\Gm@wd@mp=\dimen148
\Gm@odd@mp=\dimen149
\Gm@even@mp=\dimen150
\Gm@layoutwidth=\dimen151
\Gm@layoutheight=\dimen152
\Gm@layouthoffset=\dimen153
\Gm@layoutvoffset=\dimen154
\Gm@dimlist=\toks22
) (/usr/share/texlive/texmf-dist/tex/latex/tools/indentfirst.sty
Package: indentfirst 1995/11/23 v1.03 Indent first paragraph (DPC)
) (/usr/share/texlive/texmf-dist/tex/generic/babel/babel.sty
Package: babel 2020/02/14 3.40 The Babel package
 (/usr/share/texlive/texmf-dist/tex/generic/babel/switch.def
File: switch.def 2020/02/14 3.40 Babel switching mechanism
) (/usr/share/texlive/texmf-dist/tex/generic/babel-portuges/portuges.ldf
Language: portuges 2008/03/18 v1.2q Portuguese support from the babel system
 (/usr/share/texlive/texmf-dist/tex/generic/babel/babel.def
File: babel.def 2020/02/14 3.40 Babel common definitions
\babel@savecnt=\count191
\U@D=\dimen155
 (/usr/share/texlive/texmf-dist/tex/generic/babel/txtbabel.def)
\bbl@readstream=\read2
\bbl@dirlevel=\count192
)
Package babel Info: \l@brazilian = using hyphenrules for portuguese
(babel)             (\language26) on input line 113.
Package babel Info: Making " an active character on input line 145.
)) (/usr/share/texlive/texmf-dist/tex/latex/IEEEtran/IEEEtrantools.sty
Package: IEEEtrantools 2015/08/26 V1.5 by Michael Shell

-- See the "IEEEtrantools_doc.txt" manual for usage information.
-- http://www.michaelshell.org/tex/ieeetran/tools/
\@IEEEtrantmpdimenA=\dimen156
\@IEEEtrantmpdimenB=\dimen157
\@IEEEtrantmpdimenC=\dimen158
\@IEEEtrantmpcountA=\count193
\@IEEEtrantmpcountB=\count194
\@IEEEtrantmpcountC=\count195
\@IEEEtrantmptoksA=\toks23
\IEEEnormaljot=\dimen159
\IEEEquantizedlength=\dimen160
\IEEEquantizedlengthdiff=\dimen161
\IEEEquantizedtextheightdiff=\dimen162
\IEEEilabelindentA=\dimen163
\IEEEilabelindentB=\dimen164
\IEEEilabelindent=\dimen165
\IEEEelabelindent=\dimen166
\IEEEdlabelindent=\dimen167
\IEEElabelindent=\dimen168
\IEEEiednormlabelsep=\dimen169
\IEEEiedmathlabelsep=\dimen170
\IEEEiedtopsep=\skip54
\c@IEEEsubequation=\count196
\@IEEEeqnnumcols=\count197
\@IEEEeqncolcnt=\count198
\@IEEEsubeqnnumrollback=\count199
\IEEEPARstartletwidth=\dimen171
) (/usr/share/texlive/texmf-dist/tex/latex/l3backend/l3backend-pdfmode.def
File: l3backend-pdfmode.def 2020-02-03 L3 backend support: PDF mode
\l__kernel_color_stack_int=\count266
\l__pdf_internal_box=\box47
) (/home/tapyu/google_drive/Master degree/Disciplines/Deteccção e Estimação/Exercícios/Lista6/lista6.aux)
\openout1 = `lista6.aux'.

LaTeX Font Info:    Checking defaults for OML/cmm/m/it on input line 21.
LaTeX Font Info:    ... okay on input line 21.
LaTeX Font Info:    Checking defaults for OMS/cmsy/m/n on input line 21.
LaTeX Font Info:    ... okay on input line 21.
LaTeX Font Info:    Checking defaults for OT1/cmr/m/n on input line 21.
LaTeX Font Info:    ... okay on input line 21.
LaTeX Font Info:    Checking defaults for T1/cmr/m/n on input line 21.
LaTeX Font Info:    ... okay on input line 21.
LaTeX Font Info:    Checking defaults for TS1/cmr/m/n on input line 21.
LaTeX Font Info:    ... okay on input line 21.
LaTeX Font Info:    Checking defaults for OMX/cmex/m/n on input line 21.
LaTeX Font Info:    ... okay on input line 21.
LaTeX Font Info:    Checking defaults for U/cmr/m/n on input line 21.
LaTeX Font Info:    ... okay on input line 21.
 (/usr/share/texlive/texmf-dist/tex/context/base/mkii/supp-pdf.mkii
[Loading MPS to PDF converter (version 2006.09.02).]
\scratchcounter=\count267
\scratchdimen=\dimen172
\scratchbox=\box48
\nofMPsegments=\count268
\nofMParguments=\count269
\everyMPshowfont=\toks24
\MPscratchCnt=\count270
\MPscratchDim=\dimen173
\MPnumerator=\count271
\makeMPintoPDFobject=\count272
\everyMPtoPDFconversion=\toks25
) (/usr/share/texlive/texmf-dist/tex/latex/epstopdf-pkg/epstopdf-base.sty
Package: epstopdf-base 2020-01-24 v2.11 Base part for package epstopdf
Package epstopdf-base Info: Redefining graphics rule for `.eps' on input line 485.
 (/usr/share/texlive/texmf-dist/tex/latex/latexconfig/epstopdf-sys.cfg
File: epstopdf-sys.cfg 2010/07/13 v1.3 Configuration of (r)epstopdf for TeX Live
))
*geometry* driver: auto-detecting
*geometry* detected driver: pdftex
*geometry* verbose mode - [ preamble ] result:
* driver: pdftex
* paper: a4paper
* layout: <same size as paper>
* layoutoffset:(h,v)=(0.0pt,0.0pt)
* modes: 
* h-part:(L,W,R)=(85.35826pt, 455.24411pt, 56.9055pt)
* v-part:(T,H,B)=(85.35826pt, 702.78308pt, 56.9055pt)
* \paperwidth=597.50787pt
* \paperheight=845.04684pt
* \textwidth=455.24411pt
* \textheight=702.78308pt
* \oddsidemargin=13.08827pt
* \evensidemargin=13.08827pt
* \topmargin=-23.91173pt
* \headheight=12.0pt
* \headsep=25.0pt
* \topskip=12.0pt
* \footskip=30.0pt
* \marginparwidth=35.0pt
* \marginparsep=10.0pt
* \columnsep=10.0pt
* \skip\footins=10.8pt plus 4.0pt minus 2.0pt
* \hoffset=0.0pt
* \voffset=0.0pt
* \mag=1000
* \@twocolumnfalse
* \@twosidefalse
* \@mparswitchfalse
* \@reversemarginfalse
* (1in=72.27pt=25.4mm, 1cm=28.453pt)

LaTeX Font Info:    Trying to load font information for U+msa on input line 22.
(/usr/share/texlive/texmf-dist/tex/latex/amsfonts/umsa.fd
File: umsa.fd 2013/01/14 v3.01 AMS symbols A
)
LaTeX Font Info:    Trying to load font information for U+msb on input line 22.
 (/usr/share/texlive/texmf-dist/tex/latex/amsfonts/umsb.fd
File: umsb.fd 2013/01/14 v3.01 AMS symbols B
)
<figs/logo_cabecalho.png, id=1, 235.1184pt x 302.5704pt>
File: figs/logo_cabecalho.png Graphic file (type png)
<use figs/logo_cabecalho.png>
Package pdftex.def Info: figs/logo_cabecalho.png  used on input line 22.
(pdftex.def)             Requested size: 50.18768pt x 64.58505pt.
 [1

{/var/lib/texmf/fonts/map/pdftex/updmap/pdftex.map} </home/tapyu/google_drive/Master degree/Disciplines/Deteccção e Estimação/Exercícios/Lista6/figs/logo_cabecalho.png>]
Package epstopdf Info: Source file: <figs/wiener.eps>
(epstopdf)                    date: 2019-12-10 16:25:52
(epstopdf)                    size: 20187 bytes
(epstopdf)             Output file: <figs/wiener-eps-converted-to.pdf>
(epstopdf)                    date: 2019-12-10 16:31:41
(epstopdf)                    size: 10966 bytes
(epstopdf)             Command: <repstopdf --outfile=figs/wiener-eps-converted-to.pdf figs/wiener.eps>
(epstopdf)             \includegraphics on input line 98.
Package epstopdf Info: Output file is already uptodate.


pdfTeX warning: pdflatex (file /home/tapyu/google_drive/Master degree/Disciplines/Deteccção e Estimação/Exercícios/Lista6/figs/wiener-eps-converted-to.pdf): PDF inclusion: found PDF version <1.7>, but at most version <1.5> allowed
<figs/wiener-eps-converted-to.pdf, id=20, 1028.84375pt x 516.93124pt>
File: figs/wiener-eps-converted-to.pdf Graphic file (type pdf)
<use figs/wiener-eps-converted-to.pdf>
Package pdftex.def Info: figs/wiener-eps-converted-to.pdf  used on input line 98.
(pdftex.def)             Requested size: 411.53021pt x 206.76883pt.
[2 </home/tapyu/google_drive/Master degree/Disciplines/Deteccção e Estimação/Exercícios/Lista6/figs/wiener-eps-converted-to.pdf>] [3]
Package epstopdf Info: Source file: <figs/gradiente.eps>
(epstopdf)                    date: 2019-12-10 10:40:43
(epstopdf)                    size: 35113 bytes
(epstopdf)             Output file: <figs/gradiente-eps-converted-to.pdf>
(epstopdf)                    date: 2019-12-10 10:40:49
(epstopdf)                    size: 11842 bytes
(epstopdf)             Command: <repstopdf --outfile=figs/gradiente-eps-converted-to.pdf figs/gradiente.eps>
(epstopdf)             \includegraphics on input line 170.
Package epstopdf Info: Output file is already uptodate.


pdfTeX warning: pdflatex (file /home/tapyu/google_drive/Master degree/Disciplines/Deteccção e Estimação/Exercícios/Lista6/figs/gradiente-eps-converted-to.pdf): PDF inclusion: found PDF version <1.7>, but at most version <1.5> allowed
<figs/gradiente-eps-converted-to.pdf, id=37, 1028.84375pt x 516.93124pt>
File: figs/gradiente-eps-converted-to.pdf Graphic file (type pdf)
<use figs/gradiente-eps-converted-to.pdf>
Package pdftex.def Info: figs/gradiente-eps-converted-to.pdf  used on input line 170.
(pdftex.def)             Requested size: 432.11143pt x 217.10963pt.
Package epstopdf Info: Source file: <figs/newton.eps>
(epstopdf)                    date: 2019-12-10 10:36:12
(epstopdf)                    size: 35862 bytes
(epstopdf)             Output file: <figs/newton-eps-converted-to.pdf>
(epstopdf)                    date: 2019-12-10 10:36:20
(epstopdf)                    size: 14323 bytes
(epstopdf)             Command: <repstopdf --outfile=figs/newton-eps-converted-to.pdf figs/newton.eps>
(epstopdf)             \includegraphics on input line 183.
Package epstopdf Info: Output file is already uptodate.


pdfTeX warning: pdflatex (file /home/tapyu/google_drive/Master degree/Disciplines/Deteccção e Estimação/Exercícios/Lista6/figs/newton-eps-converted-to.pdf): PDF inclusion: found PDF version <1.7>, but at most version <1.5> allowed
<figs/newton-eps-converted-to.pdf, id=38, 1028.84375pt x 516.93124pt>
File: figs/newton-eps-converted-to.pdf Graphic file (type pdf)
<use figs/newton-eps-converted-to.pdf>
Package pdftex.def Info: figs/newton-eps-converted-to.pdf  used on input line 183.
(pdftex.def)             Requested size: 432.11143pt x 217.10963pt.
[4 </home/tapyu/google_drive/Master degree/Disciplines/Deteccção e Estimação/Exercícios/Lista6/figs/gradiente-eps-converted-to.pdf>]
Package epstopdf Info: Source file: <figs/lms.eps>
(epstopdf)                    date: 2019-12-10 16:31:23
(epstopdf)                    size: 78143 bytes
(epstopdf)             Output file: <figs/lms-eps-converted-to.pdf>
(epstopdf)                    date: 2021-12-13 19:27:40
(epstopdf)                    size: 27016 bytes
(epstopdf)             Command: <repstopdf --outfile=figs/lms-eps-converted-to.pdf figs/lms.eps>
(epstopdf)             \includegraphics on input line 201.
Package epstopdf Info: Output file is already uptodate.
<figs/lms-eps-converted-to.pdf, id=50, 1028.84375pt x 516.93124pt>
File: figs/lms-eps-converted-to.pdf Graphic file (type pdf)
<use figs/lms-eps-converted-to.pdf>
Package pdftex.def Info: figs/lms-eps-converted-to.pdf  used on input line 201.
(pdftex.def)             Requested size: 452.69266pt x 227.45044pt.
 (/home/tapyu/google_drive/Master degree/Disciplines/Deteccção e Estimação/Exercícios/Lista6/lista6.bbl [5 </home/tapyu/google_drive/Master degree/Disciplines/Deteccção e Estimação/Exercícios/Lista6/figs/newton-eps-converted-to.pdf> </home/tapyu/google_drive/Master degree/Disciplines/Deteccção e Estimação/Exercícios/Lista6/figs/lms-eps-converted-to.pdf>]) [6] (/home/tapyu/google_drive/Master degree/Disciplines/Deteccção e Estimação/Exercícios/Lista6/lista6.aux) ) 
Here is how much of TeX's memory you used:
 4043 strings out of 481239
 58716 string characters out of 5920378
 316742 words of memory out of 5000000
 19246 multiletter control sequences out of 15000+600000
 539565 words of font info for 50 fonts, out of 8000000 for 9000
 1141 hyphenation exceptions out of 8191
 30i,12n,32p,654b,458s stack positions out of 5000i,500n,10000p,200000b,80000s
</usr/share/texlive/texmf-dist/fonts/type1/public/amsfonts/cm/cmbx12.pfb></usr/share/texlive/texmf-dist/fonts/type1/public/amsfonts/cm/cmbx8.pfb></usr/share/texlive/texmf-dist/fonts/type1/public/amsfonts/cm/cmex10.pfb></usr/share/texlive/texmf-dist/fonts/type1/public/amsfonts/cm/cmmi12.pfb></usr/share/texlive/texmf-dist/fonts/type1/public/amsfonts/cm/cmmi8.pfb></usr/share/texlive/texmf-dist/fonts/type1/public/amsfonts/cm/cmr10.pfb></usr/share/texlive/texmf-dist/fonts/type1/public/amsfonts/cm/cmr12.pfb></usr/share/texlive/texmf-dist/fonts/type1/public/amsfonts/cm/cmr17.pfb></usr/share/texlive/texmf-dist/fonts/type1/public/amsfonts/cm/cmr8.pfb></usr/share/texlive/texmf-dist/fonts/type1/public/amsfonts/cm/cmsy10.pfb></usr/share/texlive/texmf-dist/fonts/type1/public/amsfonts/cm/cmsy8.pfb></usr/share/texlive/texmf-dist/fonts/type1/public/amsfonts/cm/cmti12.pfb></usr/share/texlive/texmf-dist/fonts/type1/public/amsfonts/cm/cmti8.pfb>
Output written on "/home/tapyu/google_drive/Master degree/Disciplines/Deteccção e Estimação/Exercícios/Lista6/lista6.pdf" (6 pages, 338137 bytes).
PDF statistics:
 114 PDF objects out of 1000 (max. 8388607)
 78 compressed objects within 1 object stream
 0 named destinations out of 1000 (max. 500000)
 26 words of extra memory for PDF output out of 10000 (max. 10000000)

